# JRE version: OpenJDK Runtime Environment Microsoft-40354 (17.0.4.1+1) (build 17.0.4.1+1-LTS)
# Java VM: OpenJDK 64-Bit Server VM Microsoft-40354 (17.0.4.1+1-LTS, mixed mode, sharing, tiered, compressed oops, compressed class ptrs, g1 gc, windows-amd64)
GC Precious Log:
 CPUs: 12 total, 12 available
 Memory: 15717M
 Large Page Support: Disabled
 NUMA Support: Disabled
 Compressed Oops: Enabled (Zero based)
 Heap Region Size: 2M
 Heap Min Capacity: 8M
 Heap Initial Capacity: 246M
 Heap Max Capacity: 3930M
 Pre-touch: Disabled
 Parallel Workers: 10
 Concurrent Workers: 3
 Concurrent Refinement Workers: 10
 Periodic GC: Disabled
Heap:
 garbage-first heap   total 245760K, used 124478K [0x000000070a600000, 0x0000000800000000)
  region size 2048K, 5 young (10240K), 2 survivors (4096K)
 Metaspace       used 80807K, committed 81088K, reserved 1122304K
  class space    used 8722K, committed 8832K, reserved 1048576K
GC Heap History (20 events):
Event: 17.358 GC heap before
{Heap before GC invocations=18 (full 0):
 garbage-first heap   total 204800K, used 152983K [0x000000070a600000, 0x0000000800000000)
  region size 2048K, 38 young (77824K), 4 survivors (8192K)
 Metaspace       used 60486K, committed 60736K, reserved 1105920K
  class space    used 6866K, committed 6976K, reserved 1048576K
}
Event: 17.371 GC heap after
{Heap after GC invocations=19 (full 0):
 garbage-first heap   total 204800K, used 89420K [0x000000070a600000, 0x0000000800000000)
  region size 2048K, 2 young (4096K), 2 survivors (4096K)
 Metaspace       used 60486K, committed 60736K, reserved 1105920K
  class space    used 6866K, committed 6976K, reserved 1048576K
}
Event: 18.523 GC heap before
{Heap before GC invocations=20 (full 0):
 garbage-first heap   total 204800K, used 161100K [0x000000070a600000, 0x0000000800000000)
  region size 2048K, 37 young (75776K), 2 survivors (4096K)
 Metaspace       used 66184K, committed 66496K, reserved 1114112K
  class space    used 7396K, committed 7552K, reserved 1048576K
}
Event: 18.537 GC heap after
{Heap after GC invocations=21 (full 0):
 garbage-first heap   total 204800K, used 96568K [0x000000070a600000, 0x0000000800000000)
  region size 2048K, 5 young (10240K), 5 survivors (10240K)
 Metaspace       used 66184K, committed 66496K, reserved 1114112K
  class space    used 7396K, committed 7552K, reserved 1048576K
}
Event: 19.143 GC heap before
{Heap before GC invocations=21 (full 0):
 garbage-first heap   total 204800K, used 162104K [0x000000070a600000, 0x0000000800000000)
  region size 2048K, 37 young (75776K), 5 survivors (10240K)
 Metaspace       used 66516K, committed 66816K, reserved 1114112K
  class space    used 7405K, committed 7552K, reserved 1048576K
}
Event: 19.162 GC heap after
{Heap after GC invocations=22 (full 0):
 garbage-first heap   total 204800K, used 106125K [0x000000070a600000, 0x0000000800000000)
  region size 2048K, 5 young (10240K), 5 survivors (10240K)
 Metaspace       used 66516K, committed 66816K, reserved 1114112K
  class space    used 7405K, committed 7552K, reserved 1048576K
}
Event: 19.665 GC heap before
{Heap before GC invocations=22 (full 0):
 garbage-first heap   total 204800K, used 163469K [0x000000070a600000, 0x0000000800000000)
  region size 2048K, 33 young (67584K), 5 survivors (10240K)
 Metaspace       used 68720K, committed 69056K, reserved 1114112K
  class space    used 7649K, committed 7808K, reserved 1048576K
}
Event: 19.680 GC heap after
{Heap after GC invocations=23 (full 0):
 garbage-first heap   total 204800K, used 114346K [0x000000070a600000, 0x0000000800000000)
  region size 2048K, 5 young (10240K), 5 survivors (10240K)
 Metaspace       used 68720K, committed 69056K, reserved 1114112K
  class space    used 7649K, committed 7808K, reserved 1048576K
}
Event: 20.392 GC heap before
{Heap before GC invocations=24 (full 0):
 garbage-first heap   total 204800K, used 159402K [0x000000070a600000, 0x0000000800000000)
  region size 2048K, 29 young (59392K), 5 survivors (10240K)
 Metaspace       used 74067K, committed 74368K, reserved 1122304K
  class space    used 8242K, committed 8384K, reserved 1048576K
}
Event: 20.405 GC heap after
{Heap after GC invocations=25 (full 0):
 garbage-first heap   total 204800K, used 116804K [0x000000070a600000, 0x0000000800000000)
  region size 2048K, 3 young (6144K), 3 survivors (6144K)
 Metaspace       used 74067K, committed 74368K, reserved 1122304K
  class space    used 8242K, committed 8384K, reserved 1048576K
}
Event: 20.441 GC heap before
{Heap before GC invocations=25 (full 0):
 garbage-first heap   total 204800K, used 120900K [0x000000070a600000, 0x0000000800000000)
  region size 2048K, 5 young (10240K), 3 survivors (6144K)
 Metaspace       used 74081K, committed 74368K, reserved 1122304K
  class space    used 8242K, committed 8384K, reserved 1048576K
}
Event: 20.450 GC heap after
{Heap after GC invocations=26 (full 0):
 garbage-first heap   total 245760K, used 115627K [0x000000070a600000, 0x0000000800000000)
  region size 2048K, 1 young (2048K), 1 survivors (2048K)
 Metaspace       used 74081K, committed 74368K, reserved 1122304K
  class space    used 8242K, committed 8384K, reserved 1048576K
}
Event: 21.117 GC heap before
{Heap before GC invocations=26 (full 0):
 garbage-first heap   total 245760K, used 195499K [0x000000070a600000, 0x0000000800000000)
  region size 2048K, 40 young (81920K), 1 survivors (2048K)
 Metaspace       used 75494K, committed 75776K, reserved 1122304K
  class space    used 8338K, committed 8448K, reserved 1048576K
}
Event: 21.122 GC heap after
{Heap after GC invocations=27 (full 0):
 garbage-first heap   total 245760K, used 117389K [0x000000070a600000, 0x0000000800000000)
  region size 2048K, 2 young (4096K), 2 survivors (4096K)
 Metaspace       used 75494K, committed 75776K, reserved 1122304K
  class space    used 8338K, committed 8448K, reserved 1048576K
}
Event: 21.582 GC heap before
{Heap before GC invocations=28 (full 0):
 garbage-first heap   total 245760K, used 199309K [0x000000070a600000, 0x0000000800000000)
  region size 2048K, 42 young (86016K), 2 survivors (4096K)
 Metaspace       used 76070K, committed 76352K, reserved 1122304K
  class space    used 8355K, committed 8512K, reserved 1048576K
}
Event: 21.589 GC heap after
{Heap after GC invocations=29 (full 0):
 garbage-first heap   total 245760K, used 119317K [0x000000070a600000, 0x0000000800000000)
  region size 2048K, 3 young (6144K), 3 survivors (6144K)
 Metaspace       used 76070K, committed 76352K, reserved 1122304K
  class space    used 8355K, committed 8512K, reserved 1048576K
}
Event: 21.629 GC heap before
{Heap before GC invocations=29 (full 0):
 garbage-first heap   total 245760K, used 125461K [0x000000070a600000, 0x0000000800000000)
  region size 2048K, 6 young (12288K), 3 survivors (6144K)
 Metaspace       used 76117K, committed 76416K, reserved 1122304K
  class space    used 8359K, committed 8512K, reserved 1048576K
}
Event: 21.636 GC heap after
{Heap after GC invocations=30 (full 0):
 garbage-first heap   total 245760K, used 118547K [0x000000070a600000, 0x0000000800000000)
  region size 2048K, 1 young (2048K), 1 survivors (2048K)
 Metaspace       used 76117K, committed 76416K, reserved 1122304K
  class space    used 8359K, committed 8512K, reserved 1048576K
}
Event: 22.428 GC heap before
{Heap before GC invocations=30 (full 0):
 garbage-first heap   total 245760K, used 202515K [0x000000070a600000, 0x0000000800000000)
  region size 2048K, 42 young (86016K), 1 survivors (2048K)
 Metaspace       used 80553K, committed 80896K, reserved 1122304K
  class space    used 8715K, committed 8832K, reserved 1048576K
}
Event: 22.434 GC heap after
{Heap after GC invocations=31 (full 0):
 garbage-first heap   total 245760K, used 120382K [0x000000070a600000, 0x0000000800000000)
  region size 2048K, 2 young (4096K), 2 survivors (4096K)
 Metaspace       used 80553K, committed 80896K, reserved 1122304K
  class space    used 8715K, committed 8832K, reserved 1048576K
}

